TN:
SF:server.js
FN:23,(anonymous_0)
FNF:1
FNH:1
FNDA:1,(anonymous_0)
DA:9,1
DA:11,1
DA:13,1
DA:14,1
DA:15,1
DA:17,1
DA:19,1
DA:21,1
DA:23,1
DA:24,1
LF:10
LH:10
BRDA:19,0,0,1
BRDA:19,0,1,0
BRF:2
BRH:1
end_of_record
TN:
SF:src/controllers/usuarios.controller.js
FN:8,(anonymous_0)
FN:12,(anonymous_1)
FN:19,(anonymous_2)
FN:23,(anonymous_3)
FN:39,(anonymous_4)
FN:43,(anonymous_5)
FN:55,(anonymous_6)
FN:58,(anonymous_7)
FN:65,(anonymous_8)
FN:68,(anonymous_9)
FNF:10
FNH:10
FNDA:2,(anonymous_0)
FNDA:3,(anonymous_1)
FNDA:3,(anonymous_2)
FNDA:11,(anonymous_3)
FNDA:1,(anonymous_4)
FNDA:4,(anonymous_5)
FNDA:1,(anonymous_6)
FNDA:3,(anonymous_7)
FNDA:1,(anonymous_8)
FNDA:4,(anonymous_9)
DA:2,1
DA:8,1
DA:10,2
DA:12,3
DA:14,2
DA:19,1
DA:21,3
DA:23,11
DA:25,3
DA:26,2
DA:31,1
DA:33,1
DA:39,1
DA:40,1
DA:41,1
DA:43,1
DA:44,4
DA:45,1
DA:49,1
DA:55,1
DA:56,1
DA:58,3
DA:60,1
DA:65,1
DA:66,1
DA:68,4
DA:70,1
LF:27
LH:27
BRDA:12,0,0,1
BRDA:12,0,1,1
BRDA:25,1,0,2
BRDA:25,1,1,1
BRDA:44,2,0,1
BRDA:44,2,1,3
BRF:6
BRH:6
end_of_record
TN:
SF:src/middlewares/middlewares.js
FN:2,(anonymous_0)
FN:7,(anonymous_1)
FNF:2
FNH:2
FNDA:10,(anonymous_0)
FNDA:6,(anonymous_1)
DA:2,1
DA:3,10
DA:4,10
DA:7,1
DA:9,6
DA:11,6
DA:13,6
DA:14,1
DA:16,6
DA:17,1
DA:19,6
DA:20,2
DA:22,4
LF:13
LH:13
BRDA:13,0,0,1
BRDA:13,0,1,5
BRDA:16,1,0,1
BRDA:16,1,1,5
BRDA:19,2,0,2
BRDA:19,2,1,4
BRF:6
BRH:6
end_of_record
TN:
SF:src/routes/usuarios.routes.js
FNF:0
FNH:0
DA:5,1
DA:8,1
DA:9,1
DA:10,1
DA:11,1
DA:12,1
LF:6
LH:6
BRF:0
BRH:0
end_of_record
